<?xml version="1.0" encoding="UTF-8"?>
<TestRun id="d2877d38-fbd8-4d12-88aa-d835733aea01" name="Gustavo@GUSTAVO-NOTE 2013-02-28 22:22:54" runUser="Gustavo-Note\Gustavo" xmlns="http://microsoft.com/schemas/VisualStudio/TeamTest/2010">
  <TestSettings name="Local" id="fec501d8-e947-41ff-8e2c-7c9374fba82e">
    <Description>These are default test settings for a local test run.</Description>
    <Deployment enabled="false" runDeploymentRoot="Gustavo_GUSTAVO-NOTE 2013-02-28 22_22_54">
      <DeploymentItem filename="D:\ProjetosASPNet\Ecommerce\Ecommerce.Common\bin\Debug\Ecommerce.Common.dll" />
      <DeploymentItem filename="D:\ProjetosASPNet\Ecommerce\Ecommerce.Database\bin\Debug\Ecommerce.Database.dll" />
      <DeploymentItem filename="D:\ProjetosASPNet\Ecommerce\Ecommerce.Business\bin\Debug\Ecommerce.Business.dll" />
    </Deployment>
    <Execution>
      <TestTypeSpecific />
      <AgentRule name="Execution Agents">
      </AgentRule>
    </Execution>
  </TestSettings>
  <Times creation="2013-02-28T22:22:54.7121687-03:00" queuing="2013-02-28T22:22:58.9344102-03:00" start="2013-02-28T22:22:59.3894362-03:00" finish="2013-02-28T22:23:02.7336275-03:00" />
  <ResultSummary outcome="Completed">
    <Counters total="1" executed="1" passed="1" error="0" failed="0" timeout="0" aborted="0" inconclusive="0" passedButRunAborted="0" notRunnable="0" notExecuted="0" disconnected="0" warning="0" completed="0" inProgress="0" pending="0" />
  </ResultSummary>
  <TestDefinitions>
    <UnitTest name="UsuarioBusinessConstructorTest" storage="d:\projetosaspnet\ecommerce\businessunittest\bin\debug\businessunittest.dll" id="65e72eb7-bf95-07e6-ed9b-7fe78c2a40ff">
      <Execution id="2c27c260-bc0c-498f-8070-1e4b4f878e3f" />
      <TestMethod codeBase="D:/ProjetosASPNet/Ecommerce/BusinessUnitTest/bin/Debug/BusinessUnitTest.DLL" adapterTypeName="Microsoft.VisualStudio.TestTools.TestTypes.Unit.UnitTestAdapter, Microsoft.VisualStudio.QualityTools.Tips.UnitTest.Adapter, Version=10.0.0.0, Culture=neutral, PublicKeyToken=b03f5f7f11d50a3a" className="BusinessUnitTest.UsuarioBusinessTest, BusinessUnitTest, Version=1.0.0.0, Culture=neutral, PublicKeyToken=null" name="UsuarioBusinessConstructorTest" />
    </UnitTest>
  </TestDefinitions>
  <TestLists>
    <TestList name="Results Not in a List" id="8c84fa94-04c1-424b-9868-57a2d4851a1d" />
    <TestList name="All Loaded Results" id="19431567-8539-422a-85d7-44ee4e166bda" />
  </TestLists>
  <TestEntries>
    <TestEntry testId="65e72eb7-bf95-07e6-ed9b-7fe78c2a40ff" executionId="2c27c260-bc0c-498f-8070-1e4b4f878e3f" testListId="8c84fa94-04c1-424b-9868-57a2d4851a1d" />
  </TestEntries>
  <Results>
    <UnitTestResult executionId="2c27c260-bc0c-498f-8070-1e4b4f878e3f" testId="65e72eb7-bf95-07e6-ed9b-7fe78c2a40ff" testName="UsuarioBusinessConstructorTest" computerName="GUSTAVO-NOTE" duration="00:00:00.9793840" startTime="2013-02-28T22:22:59.8064601-03:00" endTime="2013-02-28T22:23:02.5086146-03:00" testType="13cdc9d9-ddb5-4fa4-a97d-d965ccfc6d4b" outcome="Passed" testListId="8c84fa94-04c1-424b-9868-57a2d4851a1d" relativeResultsDirectory="2c27c260-bc0c-498f-8070-1e4b4f878e3f">
    </UnitTestResult>
  </Results>
</TestRun>