<?xml version="1.0" encoding="UTF-8"?>
<TestRun id="8800edc2-01d9-418a-a3ac-b8459813dcac" name="Gustavo@GUSTAVO-NOTE 2013-02-28 22:22:00" runUser="Gustavo-Note\Gustavo" xmlns="http://microsoft.com/schemas/VisualStudio/TeamTest/2010">
  <TestSettings name="Local" id="fec501d8-e947-41ff-8e2c-7c9374fba82e">
    <Description>These are default test settings for a local test run.</Description>
    <Deployment enabled="false" runDeploymentRoot="Gustavo_GUSTAVO-NOTE 2013-02-28 22_22_00">
      <DeploymentItem filename="D:\ProjetosASPNet\Ecommerce\Ecommerce.Common\bin\Debug\Ecommerce.Common.dll" />
      <DeploymentItem filename="D:\ProjetosASPNet\Ecommerce\Ecommerce.Database\bin\Debug\Ecommerce.Database.dll" />
      <DeploymentItem filename="D:\ProjetosASPNet\Ecommerce\Ecommerce.Business\bin\Debug\Ecommerce.Business.dll" />
    </Deployment>
    <Execution>
      <TestTypeSpecific />
      <AgentRule name="Execution Agents">
      </AgentRule>
    </Execution>
  </TestSettings>
  <Times creation="2013-02-28T22:22:00.9690948-03:00" queuing="2013-02-28T22:22:05.2463394-03:00" start="2013-02-28T22:22:05.6963652-03:00" finish="2013-02-28T22:22:20.8032292-03:00" />
  <ResultSummary outcome="Error">
    <Counters total="2" executed="1" error="0" failed="0" timeout="0" aborted="1" inconclusive="0" passedButRunAborted="0" notRunnable="0" notExecuted="1" disconnected="0" warning="0" passed="0" completed="0" inProgress="0" pending="0" />
    <RunInfos>
      <RunInfo computerName="GUSTAVO-NOTE" outcome="Error" timestamp="2013-02-28T22:22:20.7752276-03:00">
        <Text>Test host process exited unexpectedly.</Text>
      </RunInfo>
    </RunInfos>
  </ResultSummary>
  <TestDefinitions>
    <UnitTest name="ListarUsuariosTest" storage="d:\projetosaspnet\ecommerce\businessunittest\bin\debug\businessunittest.dll" id="fe0d0762-543e-2d8b-9eae-769d88622431">
      <Execution id="1978f2f0-e80d-4afc-85c3-8b8b7ed621db" />
      <TestMethod codeBase="D:/ProjetosASPNet/Ecommerce/BusinessUnitTest/bin/Debug/BusinessUnitTest.DLL" adapterTypeName="Microsoft.VisualStudio.TestTools.TestTypes.Unit.UnitTestAdapter, Microsoft.VisualStudio.QualityTools.Tips.UnitTest.Adapter, Version=10.0.0.0, Culture=neutral, PublicKeyToken=b03f5f7f11d50a3a" className="BusinessUnitTest.UsuarioBusinessTest, BusinessUnitTest, Version=1.0.0.0, Culture=neutral, PublicKeyToken=null" name="ListarUsuariosTest" />
    </UnitTest>
    <UnitTest name="UsuarioBusinessConstructorTest" storage="d:\projetosaspnet\ecommerce\businessunittest\bin\debug\businessunittest.dll" id="65e72eb7-bf95-07e6-ed9b-7fe78c2a40ff">
      <Execution id="adfc8189-79a3-4041-995e-4c578d2e1be5" />
      <TestMethod codeBase="D:/ProjetosASPNet/Ecommerce/BusinessUnitTest/bin/Debug/BusinessUnitTest.DLL" adapterTypeName="Microsoft.VisualStudio.TestTools.TestTypes.Unit.UnitTestAdapter, Microsoft.VisualStudio.QualityTools.Tips.UnitTest.Adapter, Version=10.0.0.0, Culture=neutral, PublicKeyToken=b03f5f7f11d50a3a" className="BusinessUnitTest.UsuarioBusinessTest, BusinessUnitTest, Version=1.0.0.0, Culture=neutral, PublicKeyToken=null" name="UsuarioBusinessConstructorTest" />
    </UnitTest>
  </TestDefinitions>
  <TestLists>
    <TestList name="Results Not in a List" id="8c84fa94-04c1-424b-9868-57a2d4851a1d" />
    <TestList name="All Loaded Results" id="19431567-8539-422a-85d7-44ee4e166bda" />
  </TestLists>
  <TestEntries>
    <TestEntry testId="65e72eb7-bf95-07e6-ed9b-7fe78c2a40ff" executionId="adfc8189-79a3-4041-995e-4c578d2e1be5" testListId="8c84fa94-04c1-424b-9868-57a2d4851a1d" />
    <TestEntry testId="fe0d0762-543e-2d8b-9eae-769d88622431" executionId="1978f2f0-e80d-4afc-85c3-8b8b7ed621db" testListId="8c84fa94-04c1-424b-9868-57a2d4851a1d" />
  </TestEntries>
  <Results>
    <UnitTestResult executionId="adfc8189-79a3-4041-995e-4c578d2e1be5" testId="65e72eb7-bf95-07e6-ed9b-7fe78c2a40ff" testName="UsuarioBusinessConstructorTest" computerName="GUSTAVO-NOTE" duration="00:00:14.7398431" startTime="2013-02-28T22:22:06.0453851-03:00" endTime="2013-02-28T22:22:20.7852282-03:00" testType="13cdc9d9-ddb5-4fa4-a97d-d965ccfc6d4b" outcome="Aborted" testListId="8c84fa94-04c1-424b-9868-57a2d4851a1d" relativeResultsDirectory="adfc8189-79a3-4041-995e-4c578d2e1be5">
    </UnitTestResult>
    <UnitTestResult executionId="1978f2f0-e80d-4afc-85c3-8b8b7ed621db" testId="fe0d0762-543e-2d8b-9eae-769d88622431" testName="ListarUsuariosTest" computerName="GUSTAVO-NOTE" testType="13cdc9d9-ddb5-4fa4-a97d-d965ccfc6d4b" outcome="NotExecuted" testListId="8c84fa94-04c1-424b-9868-57a2d4851a1d" relativeResultsDirectory="1978f2f0-e80d-4afc-85c3-8b8b7ed621db">
    </UnitTestResult>
  </Results>
</TestRun>