<?xml version="1.0" encoding="UTF-8"?>
<TestRun id="8f7aff13-60e9-45f5-a178-2d328c162d07" name="Gustavo@GUSTAVO-NOTE 2013-02-28 22:19:17" runUser="Gustavo-Note\Gustavo" xmlns="http://microsoft.com/schemas/VisualStudio/TeamTest/2010">
  <TestSettings name="Local" id="fec501d8-e947-41ff-8e2c-7c9374fba82e">
    <Description>These are default test settings for a local test run.</Description>
    <Deployment enabled="false" runDeploymentRoot="Gustavo_GUSTAVO-NOTE 2013-02-28 22_19_17">
      <DeploymentItem filename="D:\ProjetosASPNet\Ecommerce\Ecommerce.Common\bin\Debug\Ecommerce.Common.dll" />
      <DeploymentItem filename="D:\ProjetosASPNet\Ecommerce\Ecommerce.Database\bin\Debug\Ecommerce.Database.dll" />
      <DeploymentItem filename="D:\ProjetosASPNet\Ecommerce\Ecommerce.Business\bin\Debug\Ecommerce.Business.dll" />
    </Deployment>
    <Execution>
      <TestTypeSpecific />
      <AgentRule name="Execution Agents">
      </AgentRule>
    </Execution>
  </TestSettings>
  <Times creation="2013-02-28T22:19:17.4267407-03:00" queuing="2013-02-28T22:19:27.0202894-03:00" start="2013-02-28T22:19:27.7033285-03:00" finish="2013-02-28T22:19:39.7400169-03:00" />
  <ResultSummary outcome="Error">
    <Counters total="1" executed="1" error="0" failed="0" timeout="0" aborted="1" inconclusive="0" passedButRunAborted="0" notRunnable="0" notExecuted="0" disconnected="0" warning="0" passed="0" completed="0" inProgress="0" pending="0" />
    <RunInfos>
      <RunInfo computerName="GUSTAVO-NOTE" outcome="Error" timestamp="2013-02-28T22:19:39.7010147-03:00">
        <Text>Test host process exited unexpectedly.</Text>
      </RunInfo>
    </RunInfos>
  </ResultSummary>
  <TestDefinitions>
    <UnitTest name="ListarUsuariosTest" storage="d:\projetosaspnet\ecommerce\businessunittest\bin\debug\businessunittest.dll" id="fe0d0762-543e-2d8b-9eae-769d88622431">
      <Execution id="b2e9dc26-8901-478c-9d82-24224219a3e5" />
      <TestMethod codeBase="D:/ProjetosASPNet/Ecommerce/BusinessUnitTest/bin/Debug/BusinessUnitTest.DLL" adapterTypeName="Microsoft.VisualStudio.TestTools.TestTypes.Unit.UnitTestAdapter, Microsoft.VisualStudio.QualityTools.Tips.UnitTest.Adapter, Version=10.0.0.0, Culture=neutral, PublicKeyToken=b03f5f7f11d50a3a" className="BusinessUnitTest.UsuarioBusinessTest, BusinessUnitTest, Version=1.0.0.0, Culture=neutral, PublicKeyToken=null" name="ListarUsuariosTest" />
    </UnitTest>
  </TestDefinitions>
  <TestLists>
    <TestList name="Results Not in a List" id="8c84fa94-04c1-424b-9868-57a2d4851a1d" />
    <TestList name="All Loaded Results" id="19431567-8539-422a-85d7-44ee4e166bda" />
  </TestLists>
  <TestEntries>
    <TestEntry testId="fe0d0762-543e-2d8b-9eae-769d88622431" executionId="b2e9dc26-8901-478c-9d82-24224219a3e5" testListId="8c84fa94-04c1-424b-9868-57a2d4851a1d" />
  </TestEntries>
  <Results>
    <UnitTestResult executionId="b2e9dc26-8901-478c-9d82-24224219a3e5" testId="fe0d0762-543e-2d8b-9eae-769d88622431" testName="ListarUsuariosTest" computerName="GUSTAVO-NOTE" duration="00:00:11.6136643" startTime="2013-02-28T22:19:28.1253526-03:00" endTime="2013-02-28T22:19:39.7390169-03:00" testType="13cdc9d9-ddb5-4fa4-a97d-d965ccfc6d4b" outcome="Aborted" testListId="8c84fa94-04c1-424b-9868-57a2d4851a1d" relativeResultsDirectory="b2e9dc26-8901-478c-9d82-24224219a3e5">
    </UnitTestResult>
  </Results>
</TestRun>