<?xml version="1.0" encoding="UTF-8"?>
<TestRun id="4c419c3e-3d2a-42fe-b97f-35902ccbbcc2" name="Gustavo@GUSTAVO-PC 2013-05-06 22:37:26" runUser="Gustavo-PC\Gustavo" xmlns="http://microsoft.com/schemas/VisualStudio/TeamTest/2010">
  <TestSettings name="Local" id="659d0c57-7835-4cc7-a3e5-02c55293b527">
    <Description>These are default test settings for a local test run.</Description>
    <Deployment enabled="false" runDeploymentRoot="Gustavo_GUSTAVO-PC 2013-05-06 22_37_26">
      <DeploymentItem filename="E:\Projetos\ProjetosASPNet\EcommerceADO\DataAccess\bin\Debug\DataAccess.dll" />
      <DeploymentItem filename="E:\Projetos\ProjetosASPNet\EcommerceADO\Model\bin\Debug\Model.dll" />
      <DeploymentItem filename="E:\Projetos\ProjetosASPNet\EcommerceADO\Common\bin\Debug\Common.dll" />
      <DeploymentItem filename="E:\Projetos\ProjetosASPNet\EcommerceADO\EntityDataAccess\bin\Debug\EntityDataAccess.dll" />
    </Deployment>
    <Execution>
      <TestTypeSpecific />
      <AgentRule name="Execution Agents">
      </AgentRule>
    </Execution>
  </TestSettings>
  <Times creation="2013-05-06T22:37:26.7519531-03:00" queuing="2013-05-06T22:37:28.0625000-03:00" start="2013-05-06T22:37:28.2216796-03:00" finish="2013-05-06T22:37:43.5009765-03:00" />
  <ResultSummary outcome="Error">
    <Counters total="1" executed="1" error="0" failed="0" timeout="0" aborted="1" inconclusive="0" passedButRunAborted="0" notRunnable="0" notExecuted="0" disconnected="0" warning="0" passed="0" completed="0" inProgress="0" pending="0" />
    <RunInfos>
      <RunInfo computerName="GUSTAVO-PC" outcome="Error" timestamp="2013-05-06T22:37:43.4980468-03:00">
        <Text>Test host process exited unexpectedly.</Text>
      </RunInfo>
    </RunInfos>
  </ResultSummary>
  <TestDefinitions>
    <UnitTest name="RetornaProdutosMaisRentaveisTest" storage="e:\projetos\projetosaspnet\ecommerceado\pessoa\bin\debug\pessoa.dll" id="0bc09a3e-44bc-1d2d-0ff7-2187a50f1172">
      <Execution id="e0552e12-4de8-4805-b90c-df9fb9b35b63" />
      <TestMethod codeBase="E:/Projetos/ProjetosASPNet/EcommerceADO/Pessoa/bin/Debug/Pessoa.DLL" adapterTypeName="Microsoft.VisualStudio.TestTools.TestTypes.Unit.UnitTestAdapter, Microsoft.VisualStudio.QualityTools.Tips.UnitTest.Adapter, Version=10.0.0.0, Culture=neutral, PublicKeyToken=b03f5f7f11d50a3a" className="Pessoa.ProdutoDataAccessTest, Pessoa, Version=1.0.0.0, Culture=neutral, PublicKeyToken=null" name="RetornaProdutosMaisRentaveisTest" />
    </UnitTest>
  </TestDefinitions>
  <TestLists>
    <TestList name="Results Not in a List" id="8c84fa94-04c1-424b-9868-57a2d4851a1d" />
    <TestList name="All Loaded Results" id="19431567-8539-422a-85d7-44ee4e166bda" />
  </TestLists>
  <TestEntries>
    <TestEntry testId="0bc09a3e-44bc-1d2d-0ff7-2187a50f1172" executionId="e0552e12-4de8-4805-b90c-df9fb9b35b63" testListId="8c84fa94-04c1-424b-9868-57a2d4851a1d" />
  </TestEntries>
  <Results>
    <UnitTestResult executionId="e0552e12-4de8-4805-b90c-df9fb9b35b63" testId="0bc09a3e-44bc-1d2d-0ff7-2187a50f1172" testName="RetornaProdutosMaisRentaveisTest" computerName="GUSTAVO-PC" duration="00:00:15.1113281" startTime="2013-05-06T22:37:28.3896484-03:00" endTime="2013-05-06T22:37:43.5009765-03:00" testType="13cdc9d9-ddb5-4fa4-a97d-d965ccfc6d4b" outcome="Aborted" testListId="8c84fa94-04c1-424b-9868-57a2d4851a1d" relativeResultsDirectory="e0552e12-4de8-4805-b90c-df9fb9b35b63">
    </UnitTestResult>
  </Results>
</TestRun>