<?xml version="1.0" encoding="UTF-8"?>
<TestRun id="fee72ef8-07ed-429a-a80f-ac533654d9d7" name="Gustavo@GUSTAVO-PC 2013-05-06 22:31:16" runUser="Gustavo-PC\Gustavo" xmlns="http://microsoft.com/schemas/VisualStudio/TeamTest/2010">
  <TestSettings name="Local" id="659d0c57-7835-4cc7-a3e5-02c55293b527">
    <Description>These are default test settings for a local test run.</Description>
    <Deployment enabled="false" runDeploymentRoot="Gustavo_GUSTAVO-PC 2013-05-06 22_31_16">
      <DeploymentItem filename="E:\Projetos\ProjetosASPNet\EcommerceADO\DataAccess\bin\Debug\DataAccess.dll" />
      <DeploymentItem filename="E:\Projetos\ProjetosASPNet\EcommerceADO\Model\bin\Debug\Model.dll" />
      <DeploymentItem filename="E:\Projetos\ProjetosASPNet\EcommerceADO\Common\bin\Debug\Common.dll" />
      <DeploymentItem filename="E:\Projetos\ProjetosASPNet\EcommerceADO\EntityDataAccess\bin\Debug\EntityDataAccess.dll" />
    </Deployment>
    <Execution>
      <TestTypeSpecific />
      <AgentRule name="Execution Agents">
      </AgentRule>
    </Execution>
  </TestSettings>
  <Times creation="2013-05-06T22:31:16.5097656-03:00" queuing="2013-05-06T22:31:18.3115234-03:00" start="2013-05-06T22:31:18.4765625-03:00" finish="2013-05-06T22:31:28.8935546-03:00" />
  <ResultSummary outcome="Error">
    <Counters total="1" executed="1" error="0" failed="0" timeout="0" aborted="1" inconclusive="0" passedButRunAborted="0" notRunnable="0" notExecuted="0" disconnected="0" warning="0" passed="0" completed="0" inProgress="0" pending="0" />
    <RunInfos>
      <RunInfo computerName="GUSTAVO-PC" outcome="Error" timestamp="2013-05-06T22:31:28.8896484-03:00">
        <Text>Test host process exited unexpectedly.</Text>
      </RunInfo>
    </RunInfos>
  </ResultSummary>
  <TestDefinitions>
    <UnitTest name="RetornaPessoasRankTest" storage="e:\projetos\projetosaspnet\ecommerceado\pessoa\bin\debug\pessoa.dll" id="a2b46f5e-a4b8-3a4d-4f9e-9990705b3c3f">
      <Execution id="f41aefee-d3ea-40ee-a1ed-81e1eefd54b0" />
      <TestMethod codeBase="E:/Projetos/ProjetosASPNet/EcommerceADO/Pessoa/bin/Debug/Pessoa.DLL" adapterTypeName="Microsoft.VisualStudio.TestTools.TestTypes.Unit.UnitTestAdapter, Microsoft.VisualStudio.QualityTools.Tips.UnitTest.Adapter, Version=10.0.0.0, Culture=neutral, PublicKeyToken=b03f5f7f11d50a3a" className="Pessoa.PessoaDataAccessTest, Pessoa, Version=1.0.0.0, Culture=neutral, PublicKeyToken=null" name="RetornaPessoasRankTest" />
    </UnitTest>
  </TestDefinitions>
  <TestLists>
    <TestList name="Results Not in a List" id="8c84fa94-04c1-424b-9868-57a2d4851a1d" />
    <TestList name="All Loaded Results" id="19431567-8539-422a-85d7-44ee4e166bda" />
  </TestLists>
  <TestEntries>
    <TestEntry testId="a2b46f5e-a4b8-3a4d-4f9e-9990705b3c3f" executionId="f41aefee-d3ea-40ee-a1ed-81e1eefd54b0" testListId="8c84fa94-04c1-424b-9868-57a2d4851a1d" />
  </TestEntries>
  <Results>
    <UnitTestResult executionId="f41aefee-d3ea-40ee-a1ed-81e1eefd54b0" testId="a2b46f5e-a4b8-3a4d-4f9e-9990705b3c3f" testName="RetornaPessoasRankTest" computerName="GUSTAVO-PC" duration="00:00:10.2148437" startTime="2013-05-06T22:31:18.6787109-03:00" endTime="2013-05-06T22:31:28.8935546-03:00" testType="13cdc9d9-ddb5-4fa4-a97d-d965ccfc6d4b" outcome="Aborted" testListId="8c84fa94-04c1-424b-9868-57a2d4851a1d" relativeResultsDirectory="f41aefee-d3ea-40ee-a1ed-81e1eefd54b0">
    </UnitTestResult>
  </Results>
</TestRun>