<?xml version="1.0" encoding="UTF-8"?>
<TestRun id="fc1b8989-d6a8-4da6-946d-9cec006aa7a1" name="Gustavo@GUSTAVO-PC 2013-05-06 22:39:08" runUser="Gustavo-PC\Gustavo" xmlns="http://microsoft.com/schemas/VisualStudio/TeamTest/2010">
  <TestSettings name="Local" id="659d0c57-7835-4cc7-a3e5-02c55293b527">
    <Description>These are default test settings for a local test run.</Description>
    <Deployment enabled="false" runDeploymentRoot="Gustavo_GUSTAVO-PC 2013-05-06 22_39_08">
      <DeploymentItem filename="E:\Projetos\ProjetosASPNet\EcommerceADO\DataAccess\bin\Debug\DataAccess.dll" />
      <DeploymentItem filename="E:\Projetos\ProjetosASPNet\EcommerceADO\Model\bin\Debug\Model.dll" />
      <DeploymentItem filename="E:\Projetos\ProjetosASPNet\EcommerceADO\Common\bin\Debug\Common.dll" />
      <DeploymentItem filename="E:\Projetos\ProjetosASPNet\EcommerceADO\EntityDataAccess\bin\Debug\EntityDataAccess.dll" />
    </Deployment>
    <Execution>
      <TestTypeSpecific />
      <AgentRule name="Execution Agents">
      </AgentRule>
    </Execution>
  </TestSettings>
  <Times creation="2013-05-06T22:39:08.3623046-03:00" queuing="2013-05-06T22:39:10.0351562-03:00" start="2013-05-06T22:39:10.1845703-03:00" finish="2013-05-06T22:39:24.0312500-03:00" />
  <ResultSummary outcome="Failed">
    <Counters total="1" executed="1" error="0" failed="1" timeout="0" aborted="0" inconclusive="0" passedButRunAborted="0" notRunnable="0" notExecuted="0" disconnected="0" warning="0" passed="0" completed="0" inProgress="0" pending="0" />
  </ResultSummary>
  <TestDefinitions>
    <UnitTest name="RetornaProdutosMaisRentaveisTest" storage="e:\projetos\projetosaspnet\ecommerceado\pessoa\bin\debug\pessoa.dll" id="0bc09a3e-44bc-1d2d-0ff7-2187a50f1172">
      <Execution id="37cf20cf-3481-4769-ac24-5e84d347f080" />
      <TestMethod codeBase="E:/Projetos/ProjetosASPNet/EcommerceADO/Pessoa/bin/Debug/Pessoa.DLL" adapterTypeName="Microsoft.VisualStudio.TestTools.TestTypes.Unit.UnitTestAdapter, Microsoft.VisualStudio.QualityTools.Tips.UnitTest.Adapter, Version=10.0.0.0, Culture=neutral, PublicKeyToken=b03f5f7f11d50a3a" className="Pessoa.ProdutoDataAccessTest, Pessoa, Version=1.0.0.0, Culture=neutral, PublicKeyToken=null" name="RetornaProdutosMaisRentaveisTest" />
    </UnitTest>
  </TestDefinitions>
  <TestLists>
    <TestList name="Results Not in a List" id="8c84fa94-04c1-424b-9868-57a2d4851a1d" />
    <TestList name="All Loaded Results" id="19431567-8539-422a-85d7-44ee4e166bda" />
  </TestLists>
  <TestEntries>
    <TestEntry testId="0bc09a3e-44bc-1d2d-0ff7-2187a50f1172" executionId="37cf20cf-3481-4769-ac24-5e84d347f080" testListId="8c84fa94-04c1-424b-9868-57a2d4851a1d" />
  </TestEntries>
  <Results>
    <UnitTestResult executionId="37cf20cf-3481-4769-ac24-5e84d347f080" testId="0bc09a3e-44bc-1d2d-0ff7-2187a50f1172" testName="RetornaProdutosMaisRentaveisTest" computerName="GUSTAVO-PC" duration="00:00:11.4664116" startTime="2013-05-06T22:39:10.3730468-03:00" endTime="2013-05-06T22:39:23.8935546-03:00" testType="13cdc9d9-ddb5-4fa4-a97d-d965ccfc6d4b" outcome="Failed" testListId="8c84fa94-04c1-424b-9868-57a2d4851a1d" relativeResultsDirectory="37cf20cf-3481-4769-ac24-5e84d347f080">
      <Output>
        <ErrorInfo>
          <Message>Assert.AreEqual failed. Expected:&lt;(null)&gt;. Actual:&lt;System.Collections.Generic.List`1[Model.ProdutoRentabilidade]&gt;. </Message>
          <StackTrace>   em Pessoa.ProdutoDataAccessTest.RetornaProdutosMaisRentaveisTest() na E:\Projetos\ProjetosASPNet\EcommerceADO\Pessoa\ProdutoDataAccessTest.cs:linha 95
</StackTrace>
        </ErrorInfo>
      </Output>
    </UnitTestResult>
  </Results>
</TestRun>