<?xml version="1.0" encoding="UTF-8"?>
<TestRun id="5f16c187-19f3-4843-9347-e4edb5ea6c49" name="Gustavo@GUSTAVO-PC 2013-05-06 21:06:53" runUser="Gustavo-PC\Gustavo" xmlns="http://microsoft.com/schemas/VisualStudio/TeamTest/2010">
  <TestSettings name="Local" id="659d0c57-7835-4cc7-a3e5-02c55293b527">
    <Description>These are default test settings for a local test run.</Description>
    <Deployment enabled="false" runDeploymentRoot="Gustavo_GUSTAVO-PC 2013-05-06 21_06_53">
      <DeploymentItem filename="E:\Projetos\ProjetosASPNet\EcommerceADO\DataAccess\bin\Debug\DataAccess.dll" />
      <DeploymentItem filename="E:\Projetos\ProjetosASPNet\EcommerceADO\Model\bin\Debug\Model.dll" />
      <DeploymentItem filename="E:\Projetos\ProjetosASPNet\EcommerceADO\Common\bin\Debug\Common.dll" />
      <DeploymentItem filename="E:\Projetos\ProjetosASPNet\EcommerceADO\EntityDataAccess\bin\Debug\EntityDataAccess.dll" />
    </Deployment>
    <Execution>
      <TestTypeSpecific />
      <AgentRule name="Execution Agents">
      </AgentRule>
    </Execution>
  </TestSettings>
  <Times creation="2013-05-06T21:06:53.8115234-03:00" queuing="2013-05-06T21:06:55.5742187-03:00" start="2013-05-06T21:06:55.7128906-03:00" finish="2013-05-06T21:07:26.5400390-03:00" />
  <ResultSummary outcome="Error">
    <Counters total="1" executed="1" error="0" failed="0" timeout="0" aborted="1" inconclusive="0" passedButRunAborted="0" notRunnable="0" notExecuted="0" disconnected="0" warning="0" passed="0" completed="0" inProgress="0" pending="0" />
    <RunInfos>
      <RunInfo computerName="GUSTAVO-PC" outcome="Error" timestamp="2013-05-06T21:07:26.5380859-03:00">
        <Text>Test host process exited unexpectedly.</Text>
      </RunInfo>
    </RunInfos>
  </ResultSummary>
  <TestDefinitions>
    <UnitTest name="RetornaPessoasGastosTest" storage="e:\projetos\projetosaspnet\ecommerceado\pessoa\bin\debug\pessoa.dll" id="bcb22868-bbdb-b1ef-4738-604a5807eddc">
      <Execution id="4cb24284-397f-4d26-822d-7b16b25d3e7d" />
      <TestMethod codeBase="E:/Projetos/ProjetosASPNet/EcommerceADO/Pessoa/bin/Debug/Pessoa.DLL" adapterTypeName="Microsoft.VisualStudio.TestTools.TestTypes.Unit.UnitTestAdapter, Microsoft.VisualStudio.QualityTools.Tips.UnitTest.Adapter, Version=10.0.0.0, Culture=neutral, PublicKeyToken=b03f5f7f11d50a3a" className="Pessoa.PessoaDataAccessTest, Pessoa, Version=1.0.0.0, Culture=neutral, PublicKeyToken=null" name="RetornaPessoasGastosTest" />
    </UnitTest>
  </TestDefinitions>
  <TestLists>
    <TestList name="Results Not in a List" id="8c84fa94-04c1-424b-9868-57a2d4851a1d" />
    <TestList name="All Loaded Results" id="19431567-8539-422a-85d7-44ee4e166bda" />
  </TestLists>
  <TestEntries>
    <TestEntry testId="bcb22868-bbdb-b1ef-4738-604a5807eddc" executionId="4cb24284-397f-4d26-822d-7b16b25d3e7d" testListId="8c84fa94-04c1-424b-9868-57a2d4851a1d" />
  </TestEntries>
  <Results>
    <UnitTestResult executionId="4cb24284-397f-4d26-822d-7b16b25d3e7d" testId="bcb22868-bbdb-b1ef-4738-604a5807eddc" testName="RetornaPessoasGastosTest" computerName="GUSTAVO-PC" duration="00:00:30.6494140" startTime="2013-05-06T21:06:55.8906250-03:00" endTime="2013-05-06T21:07:26.5400390-03:00" testType="13cdc9d9-ddb5-4fa4-a97d-d965ccfc6d4b" outcome="Aborted" testListId="8c84fa94-04c1-424b-9868-57a2d4851a1d" relativeResultsDirectory="4cb24284-397f-4d26-822d-7b16b25d3e7d">
    </UnitTestResult>
  </Results>
</TestRun>